<?xml version="1.0" encoding="UTF-8"?>
<testsuite xmlns:xsi="http://www.w3.org/2001/XMLSchema-instance" xsi:noNamespaceSchemaLocation="https://maven.apache.org/surefire/maven-surefire-plugin/xsd/surefire-test-report.xsd" name="TestCases.FirstAutomationTest" time="12.772" tests="1" errors="0" skipped="0" failures="0">
  <properties>
    <property name="sun.desktop" value="windows"/>
    <property name="awt.toolkit" value="sun.awt.windows.WToolkit"/>
    <property name="file.encoding.pkg" value="sun.io"/>
    <property name="java.specification.version" value="1.8"/>
    <property name="sun.cpu.isalist" value="amd64"/>
    <property name="sun.jnu.encoding" value="Cp1252"/>
    <property name="java.class.path" value="E:\My Automation\MyAllGitProjects\Selenium_POM_JUNIT_Framework\target\test-classes;E:\My Automation\MyAllGitProjects\Selenium_POM_JUNIT_Framework\target\classes;E:\My Automation\EclipseProjects\FrameworkCreation\LocalMavenLibs\org\apache\maven\plugins\maven-resources-plugin\3.0.2\maven-resources-plugin-3.0.2.jar;E:\My Automation\EclipseProjects\FrameworkCreation\LocalMavenLibs\org\apache\maven\maven-plugin-api\3.0\maven-plugin-api-3.0.jar;E:\My Automation\EclipseProjects\FrameworkCreation\LocalMavenLibs\org\apache\maven\maven-artifact\3.0\maven-artifact-3.0.jar;E:\My Automation\EclipseProjects\FrameworkCreation\LocalMavenLibs\org\apache\maven\maven-core\3.0\maven-core-3.0.jar;E:\My Automation\EclipseProjects\FrameworkCreation\LocalMavenLibs\org\apache\maven\maven-repository-metadata\3.0\maven-repository-metadata-3.0.jar;E:\My Automation\EclipseProjects\FrameworkCreation\LocalMavenLibs\org\apache\maven\maven-model-builder\3.0\maven-model-builder-3.0.jar;E:\My Automation\EclipseProjects\FrameworkCreation\LocalMavenLibs\org\apache\maven\maven-aether-provider\3.0\maven-aether-provider-3.0.jar;E:\My Automation\EclipseProjects\FrameworkCreation\LocalMavenLibs\org\sonatype\aether\aether-impl\1.7\aether-impl-1.7.jar;E:\My Automation\EclipseProjects\FrameworkCreation\LocalMavenLibs\org\sonatype\aether\aether-spi\1.7\aether-spi-1.7.jar;E:\My Automation\EclipseProjects\FrameworkCreation\LocalMavenLibs\org\sonatype\aether\aether-api\1.7\aether-api-1.7.jar;E:\My Automation\EclipseProjects\FrameworkCreation\LocalMavenLibs\org\sonatype\aether\aether-util\1.7\aether-util-1.7.jar;E:\My Automation\EclipseProjects\FrameworkCreation\LocalMavenLibs\org\codehaus\plexus\plexus-component-annotations\1.5.5\plexus-component-annotations-1.5.5.jar;E:\My Automation\EclipseProjects\FrameworkCreation\LocalMavenLibs\org\sonatype\plexus\plexus-sec-dispatcher\1.3\plexus-sec-dispatcher-1.3.jar;E:\My Automation\EclipseProjects\FrameworkCreation\LocalMavenLibs\org\sonatype\plexus\plexus-cipher\1.4\plexus-cipher-1.4.jar;E:\My Automation\EclipseProjects\FrameworkCreation\LocalMavenLibs\org\apache\maven\maven-model\3.0\maven-model-3.0.jar;E:\My Automation\EclipseProjects\FrameworkCreation\LocalMavenLibs\org\codehaus\plexus\plexus-utils\3.0.24\plexus-utils-3.0.24.jar;E:\My Automation\EclipseProjects\FrameworkCreation\LocalMavenLibs\org\apache\maven\shared\maven-filtering\3.1.1\maven-filtering-3.1.1.jar;E:\My Automation\EclipseProjects\FrameworkCreation\LocalMavenLibs\org\sonatype\plexus\plexus-build-api\0.0.7\plexus-build-api-0.0.7.jar;E:\My Automation\EclipseProjects\FrameworkCreation\LocalMavenLibs\org\codehaus\plexus\plexus-interpolation\1.24\plexus-interpolation-1.24.jar;E:\My Automation\EclipseProjects\FrameworkCreation\LocalMavenLibs\org\apache\maven\plugins\maven-site-plugin\3.7.1\maven-site-plugin-3.7.1.jar;E:\My Automation\EclipseProjects\FrameworkCreation\LocalMavenLibs\org\apache\maven\reporting\maven-reporting-exec\1.4\maven-reporting-exec-1.4.jar;E:\My Automation\EclipseProjects\FrameworkCreation\LocalMavenLibs\org\apache\maven\reporting\maven-reporting-api\3.0\maven-reporting-api-3.0.jar;E:\My Automation\EclipseProjects\FrameworkCreation\LocalMavenLibs\org\eclipse\aether\aether-util\0.9.0.M2\aether-util-0.9.0.M2.jar;E:\My Automation\EclipseProjects\FrameworkCreation\LocalMavenLibs\org\apache\maven\shared\maven-shared-utils\3.1.0\maven-shared-utils-3.1.0.jar;E:\My Automation\EclipseProjects\FrameworkCreation\LocalMavenLibs\org\apache\maven\maven-settings\3.0\maven-settings-3.0.jar;E:\My Automation\EclipseProjects\FrameworkCreation\LocalMavenLibs\org\apache\maven\maven-settings-builder\3.0\maven-settings-builder-3.0.jar;E:\My Automation\EclipseProjects\FrameworkCreation\LocalMavenLibs\org\apache\maven\maven-archiver\3.1.1\maven-archiver-3.1.1.jar;E:\My Automation\EclipseProjects\FrameworkCreation\LocalMavenLibs\org\sonatype\sisu\sisu-inject-plexus\1.4.2\sisu-inject-plexus-1.4.2.jar;E:\My Automation\EclipseProjects\FrameworkCreation\LocalMavenLibs\org\sonatype\sisu\sisu-inject-bean\1.4.2\sisu-inject-bean-1.4.2.jar;E:\My Automation\EclipseProjects\FrameworkCreation\LocalMavenLibs\org\sonatype\sisu\sisu-guice\2.1.7\sisu-guice-2.1.7-noaop.jar;E:\My Automation\EclipseProjects\FrameworkCreation\LocalMavenLibs\org\codehaus\plexus\plexus-archiver\3.4\plexus-archiver-3.4.jar;E:\My Automation\EclipseProjects\FrameworkCreation\LocalMavenLibs\org\codehaus\plexus\plexus-io\2.7.1\plexus-io-2.7.1.jar;E:\My Automation\EclipseProjects\FrameworkCreation\LocalMavenLibs\org\iq80\snappy\snappy\0.4\snappy-0.4.jar;E:\My Automation\EclipseProjects\FrameworkCreation\LocalMavenLibs\org\tukaani\xz\1.5\xz-1.5.jar;E:\My Automation\EclipseProjects\FrameworkCreation\LocalMavenLibs\org\codehaus\plexus\plexus-i18n\1.0-beta-10\plexus-i18n-1.0-beta-10.jar;E:\My Automation\EclipseProjects\FrameworkCreation\LocalMavenLibs\org\codehaus\plexus\plexus-classworlds\2.5.2\plexus-classworlds-2.5.2.jar;E:\My Automation\EclipseProjects\FrameworkCreation\LocalMavenLibs\org\apache\maven\doxia\doxia-sink-api\1.8\doxia-sink-api-1.8.jar;E:\My Automation\EclipseProjects\FrameworkCreation\LocalMavenLibs\org\apache\maven\doxia\doxia-logging-api\1.8\doxia-logging-api-1.8.jar;E:\My Automation\EclipseProjects\FrameworkCreation\LocalMavenLibs\org\apache\maven\doxia\doxia-module-xhtml\1.8\doxia-module-xhtml-1.8.jar;E:\My Automation\EclipseProjects\FrameworkCreation\LocalMavenLibs\org\apache\maven\doxia\doxia-core\1.8\doxia-core-1.8.jar;E:\My Automation\EclipseProjects\FrameworkCreation\LocalMavenLibs\org\apache\maven\doxia\doxia-module-apt\1.8\doxia-module-apt-1.8.jar;E:\My Automation\EclipseProjects\FrameworkCreation\LocalMavenLibs\org\apache\maven\doxia\doxia-module-xdoc\1.8\doxia-module-xdoc-1.8.jar;E:\My Automation\EclipseProjects\FrameworkCreation\LocalMavenLibs\org\apache\maven\doxia\doxia-module-fml\1.8\doxia-module-fml-1.8.jar;E:\My Automation\EclipseProjects\FrameworkCreation\LocalMavenLibs\org\apache\maven\doxia\doxia-module-markdown\1.8\doxia-module-markdown-1.8.jar;E:\My Automation\EclipseProjects\FrameworkCreation\LocalMavenLibs\com\vladsch\flexmark\flexmark-all\0.18.4\flexmark-all-0.18.4.jar;E:\My Automation\EclipseProjects\FrameworkCreation\LocalMavenLibs\com\vladsch\flexmark\flexmark\0.18.4\flexmark-0.18.4.jar;E:\My Automation\EclipseProjects\FrameworkCreation\LocalMavenLibs\com\vladsch\flexmark\flexmark-ext-abbreviation\0.18.4\flexmark-ext-abbreviation-0.18.4.jar;E:\My Automation\EclipseProjects\FrameworkCreation\LocalMavenLibs\com\vladsch\flexmark\flexmark-ext-anchorlink\0.18.4\flexmark-ext-anchorlink-0.18.4.jar;E:\My Automation\EclipseProjects\FrameworkCreation\LocalMavenLibs\com\vladsch\flexmark\flexmark-ext-aside\0.18.4\flexmark-ext-aside-0.18.4.jar;E:\My Automation\EclipseProjects\FrameworkCreation\LocalMavenLibs\com\vladsch\flexmark\flexmark-ext-autolink\0.18.4\flexmark-ext-autolink-0.18.4.jar;E:\My Automation\EclipseProjects\FrameworkCreation\LocalMavenLibs\org\nibor\autolink\autolink\0.6.0\autolink-0.6.0.jar;E:\My Automation\EclipseProjects\FrameworkCreation\LocalMavenLibs\com\vladsch\flexmark\flexmark-ext-definition\0.18.4\flexmark-ext-definition-0.18.4.jar;E:\My Automation\EclipseProjects\FrameworkCreation\LocalMavenLibs\com\vladsch\flexmark\flexmark-ext-emoji\0.18.4\flexmark-ext-emoji-0.18.4.jar;E:\My Automation\EclipseProjects\FrameworkCreation\LocalMavenLibs\com\vladsch\flexmark\flexmark-ext-escaped-character\0.18.4\flexmark-ext-escaped-character-0.18.4.jar;E:\My Automation\EclipseProjects\FrameworkCreation\LocalMavenLibs\com\vladsch\flexmark\flexmark-ext-footnotes\0.18.4\flexmark-ext-footnotes-0.18.4.jar;E:\My Automation\EclipseProjects\FrameworkCreation\LocalMavenLibs\com\vladsch\flexmark\flexmark-ext-gfm-strikethrough\0.18.4\flexmark-ext-gfm-strikethrough-0.18.4.jar;E:\My Automation\EclipseProjects\FrameworkCreation\LocalMavenLibs\com\vladsch\flexmark\flexmark-ext-gfm-tables\0.18.4\flexmark-ext-gfm-tables-0.18.4.jar;E:\My Automation\EclipseProjects\FrameworkCreation\LocalMavenLibs\com\vladsch\flexmark\flexmark-ext-gfm-tasklist\0.18.4\flexmark-ext-gfm-tasklist-0.18.4.jar;E:\My Automation\EclipseProjects\FrameworkCreation\LocalMavenLibs\com\vladsch\flexmark\flexmark-ext-jekyll-front-matter\0.18.4\flexmark-ext-jekyll-front-matter-0.18.4.jar;E:\My Automation\EclipseProjects\FrameworkCreation\LocalMavenLibs\com\vladsch\flexmark\flexmark-ext-jekyll-tag\0.18.4\flexmark-ext-jekyll-tag-0.18.4.jar;E:\My Automation\EclipseProjects\FrameworkCreation\LocalMavenLibs\com\vladsch\flexmark\flexmark-ext-ins\0.18.4\flexmark-ext-ins-0.18.4.jar;E:\My Automation\EclipseProjects\FrameworkCreation\LocalMavenLibs\com\vladsch\flexmark\flexmark-ext-xwiki-macros\0.18.4\flexmark-ext-xwiki-macros-0.18.4.jar;E:\My Automation\EclipseProjects\FrameworkCreation\LocalMavenLibs\com\vladsch\flexmark\flexmark-ext-spec-example\0.18.4\flexmark-ext-spec-example-0.18.4.jar;E:\My Automation\EclipseProjects\FrameworkCreation\LocalMavenLibs\com\vladsch\flexmark\flexmark-test-util\0.18.4\flexmark-test-util-0.18.4.jar;E:\My Automation\EclipseProjects\FrameworkCreation\LocalMavenLibs\com\vladsch\flexmark\flexmark-ext-superscript\0.18.4\flexmark-ext-superscript-0.18.4.jar;E:\My Automation\EclipseProjects\FrameworkCreation\LocalMavenLibs\com\vladsch\flexmark\flexmark-ext-tables\0.18.4\flexmark-ext-tables-0.18.4.jar;E:\My Automation\EclipseProjects\FrameworkCreation\LocalMavenLibs\com\vladsch\flexmark\flexmark-ext-toc\0.18.4\flexmark-ext-toc-0.18.4.jar;E:\My Automation\EclipseProjects\FrameworkCreation\LocalMavenLibs\com\vladsch\flexmark\flexmark-ext-typographic\0.18.4\flexmark-ext-typographic-0.18.4.jar;E:\My Automation\EclipseProjects\FrameworkCreation\LocalMavenLibs\com\vladsch\flexmark\flexmark-ext-wikilink\0.18.4\flexmark-ext-wikilink-0.18.4.jar;E:\My Automation\EclipseProjects\FrameworkCreation\LocalMavenLibs\com\vladsch\flexmark\flexmark-ext-yaml-front-matter\0.18.4\flexmark-ext-yaml-front-matter-0.18.4.jar;E:\My Automation\EclipseProjects\FrameworkCreation\LocalMavenLibs\com\vladsch\flexmark\flexmark-formatter\0.18.4\flexmark-formatter-0.18.4.jar;E:\My Automation\EclipseProjects\FrameworkCreation\LocalMavenLibs\com\vladsch\flexmark\flexmark-html-parser\0.18.4\flexmark-html-parser-0.18.4.jar;E:\My Automation\EclipseProjects\FrameworkCreation\LocalMavenLibs\org\jsoup\jsoup\1.10.2\jsoup-1.10.2.jar;E:\My Automation\EclipseProjects\FrameworkCreation\LocalMavenLibs\com\vladsch\flexmark\flexmark-jira-converter\0.18.4\flexmark-jira-converter-0.18.4.jar;E:\My Automation\EclipseProjects\FrameworkCreation\LocalMavenLibs\com\vladsch\flexmark\flexmark-pdf-converter\0.18.4\flexmark-pdf-converter-0.18.4.jar;E:\My Automation\EclipseProjects\FrameworkCreation\LocalMavenLibs\com\openhtmltopdf\openhtmltopdf-core\0.0.1-RC9\openhtmltopdf-core-0.0.1-RC9.jar;E:\My Automation\EclipseProjects\FrameworkCreation\LocalMavenLibs\com\openhtmltopdf\openhtmltopdf-pdfbox\0.0.1-RC9\openhtmltopdf-pdfbox-0.0.1-RC9.jar;E:\My Automation\EclipseProjects\FrameworkCreation\LocalMavenLibs\org\apache\pdfbox\pdfbox\2.0.4\pdfbox-2.0.4.jar;E:\My Automation\EclipseProjects\FrameworkCreation\LocalMavenLibs\org\apache\pdfbox\fontbox\2.0.4\fontbox-2.0.4.jar;E:\My Automation\EclipseProjects\FrameworkCreation\LocalMavenLibs\com\openhtmltopdf\openhtmltopdf-rtl-support\0.0.1-RC9\openhtmltopdf-rtl-support-0.0.1-RC9.jar;E:\My Automation\EclipseProjects\FrameworkCreation\LocalMavenLibs\com\ibm\icu\icu4j\58.1\icu4j-58.1.jar;E:\My Automation\EclipseProjects\FrameworkCreation\LocalMavenLibs\com\openhtmltopdf\openhtmltopdf-jsoup-dom-converter\0.0.1-RC9\openhtmltopdf-jsoup-dom-converter-0.0.1-RC9.jar;E:\My Automation\EclipseProjects\FrameworkCreation\LocalMavenLibs\com\vladsch\flexmark\flexmark-profile-pegdown\0.18.4\flexmark-profile-pegdown-0.18.4.jar;E:\My Automation\EclipseProjects\FrameworkCreation\LocalMavenLibs\com\vladsch\flexmark\flexmark-util\0.18.4\flexmark-util-0.18.4.jar;E:\My Automation\EclipseProjects\FrameworkCreation\LocalMavenLibs\com\vladsch\flexmark\flexmark-youtrack-converter\0.18.4\flexmark-youtrack-converter-0.18.4.jar;E:\My Automation\EclipseProjects\FrameworkCreation\LocalMavenLibs\javax\servlet\servlet-api\2.5\servlet-api-2.5.jar;E:\My Automation\EclipseProjects\FrameworkCreation\LocalMavenLibs\org\apache\maven\doxia\doxia-decoration-model\1.8.1\doxia-decoration-model-1.8.1.jar;E:\My Automation\EclipseProjects\FrameworkCreation\LocalMavenLibs\org\apache\maven\doxia\doxia-site-renderer\1.8.1\doxia-site-renderer-1.8.1.jar;E:\My Automation\EclipseProjects\FrameworkCreation\LocalMavenLibs\org\apache\maven\doxia\doxia-skin-model\1.8.1\doxia-skin-model-1.8.1.jar;E:\My Automation\EclipseProjects\FrameworkCreation\LocalMavenLibs\org\codehaus\plexus\plexus-container-default\1.0-alpha-30\plexus-container-default-1.0-alpha-30.jar;E:\My Automation\EclipseProjects\FrameworkCreation\LocalMavenLibs\org\codehaus\plexus\plexus-velocity\1.2\plexus-velocity-1.2.jar;E:\My Automation\EclipseProjects\FrameworkCreation\LocalMavenLibs\org\apache\velocity\velocity\1.7\velocity-1.7.jar;E:\My Automation\EclipseProjects\FrameworkCreation\LocalMavenLibs\commons-lang\commons-lang\2.4\commons-lang-2.4.jar;E:\My Automation\EclipseProjects\FrameworkCreation\LocalMavenLibs\org\apache\velocity\velocity-tools\2.0\velocity-tools-2.0.jar;E:\My Automation\EclipseProjects\FrameworkCreation\LocalMavenLibs\commons-digester\commons-digester\1.8\commons-digester-1.8.jar;E:\My Automation\EclipseProjects\FrameworkCreation\LocalMavenLibs\commons-chain\commons-chain\1.1\commons-chain-1.1.jar;E:\My Automation\EclipseProjects\FrameworkCreation\LocalMavenLibs\dom4j\dom4j\1.1\dom4j-1.1.jar;E:\My Automation\EclipseProjects\FrameworkCreation\LocalMavenLibs\oro\oro\2.0.8\oro-2.0.8.jar;E:\My Automation\EclipseProjects\FrameworkCreation\LocalMavenLibs\sslext\sslext\1.2-0\sslext-1.2-0.jar;E:\My Automation\EclipseProjects\FrameworkCreation\LocalMavenLibs\org\apache\struts\struts-core\1.3.8\struts-core-1.3.8.jar;E:\My Automation\EclipseProjects\FrameworkCreation\LocalMavenLibs\antlr\antlr\2.7.2\antlr-2.7.2.jar;E:\My Automation\EclipseProjects\FrameworkCreation\LocalMavenLibs\org\apache\struts\struts-taglib\1.3.8\struts-taglib-1.3.8.jar;E:\My Automation\EclipseProjects\FrameworkCreation\LocalMavenLibs\org\apache\struts\struts-tiles\1.3.8\struts-tiles-1.3.8.jar;E:\My Automation\EclipseProjects\FrameworkCreation\LocalMavenLibs\commons-collections\commons-collections\3.2.1\commons-collections-3.2.1.jar;E:\My Automation\EclipseProjects\FrameworkCreation\LocalMavenLibs\org\apache\maven\doxia\doxia-integration-tools\1.8.1\doxia-integration-tools-1.8.1.jar;E:\My Automation\EclipseProjects\FrameworkCreation\LocalMavenLibs\org\apache\maven\wagon\wagon-provider-api\1.0\wagon-provider-api-1.0.jar;E:\My Automation\EclipseProjects\FrameworkCreation\LocalMavenLibs\org\mortbay\jetty\jetty\6.1.25\jetty-6.1.25.jar;E:\My Automation\EclipseProjects\FrameworkCreation\LocalMavenLibs\org\mortbay\jetty\servlet-api\2.5-20081211\servlet-api-2.5-20081211.jar;E:\My Automation\EclipseProjects\FrameworkCreation\LocalMavenLibs\org\mortbay\jetty\jetty-util\6.1.25\jetty-util-6.1.25.jar;E:\My Automation\EclipseProjects\FrameworkCreation\LocalMavenLibs\org\apache\commons\commons-lang3\3.4\commons-lang3-3.4.jar;E:\My Automation\EclipseProjects\FrameworkCreation\LocalMavenLibs\org\apache\maven\plugins\maven-surefire-plugin\2.22.2\maven-surefire-plugin-2.22.2.jar;E:\My Automation\EclipseProjects\FrameworkCreation\LocalMavenLibs\org\apache\maven\surefire\maven-surefire-common\2.22.2\maven-surefire-common-2.22.2.jar;E:\My Automation\EclipseProjects\FrameworkCreation\LocalMavenLibs\org\apache\maven\surefire\surefire-api\2.22.2\surefire-api-2.22.2.jar;E:\My Automation\EclipseProjects\FrameworkCreation\LocalMavenLibs\org\apache\maven\surefire\surefire-booter\2.22.2\surefire-booter-2.22.2.jar;E:\My Automation\EclipseProjects\FrameworkCreation\LocalMavenLibs\org\apache\maven\maven-plugin-descriptor\2.2.1\maven-plugin-descriptor-2.2.1.jar;E:\My Automation\EclipseProjects\FrameworkCreation\LocalMavenLibs\org\apache\maven\maven-toolchain\2.2.1\maven-toolchain-2.2.1.jar;E:\My Automation\EclipseProjects\FrameworkCreation\LocalMavenLibs\org\codehaus\plexus\plexus-java\0.9.10\plexus-java-0.9.10.jar;E:\My Automation\EclipseProjects\FrameworkCreation\LocalMavenLibs\org\ow2\asm\asm\6.2\asm-6.2.jar;E:\My Automation\EclipseProjects\FrameworkCreation\LocalMavenLibs\com\thoughtworks\qdox\qdox\2.0-M8\qdox-2.0-M8.jar;E:\My Automation\EclipseProjects\FrameworkCreation\LocalMavenLibs\org\apache\maven\plugins\maven-surefire-report-plugin\2.22.2\maven-surefire-report-plugin-2.22.2.jar;E:\My Automation\EclipseProjects\FrameworkCreation\LocalMavenLibs\org\apache\maven\maven-project\2.2.1\maven-project-2.2.1.jar;E:\My Automation\EclipseProjects\FrameworkCreation\LocalMavenLibs\org\apache\maven\maven-profile\2.2.1\maven-profile-2.2.1.jar;E:\My Automation\EclipseProjects\FrameworkCreation\LocalMavenLibs\org\apache\maven\maven-artifact-manager\2.2.1\maven-artifact-manager-2.2.1.jar;E:\My Automation\EclipseProjects\FrameworkCreation\LocalMavenLibs\backport-util-concurrent\backport-util-concurrent\3.1\backport-util-concurrent-3.1.jar;E:\My Automation\EclipseProjects\FrameworkCreation\LocalMavenLibs\org\apache\maven\maven-plugin-registry\2.2.1\maven-plugin-registry-2.2.1.jar;E:\My Automation\EclipseProjects\FrameworkCreation\LocalMavenLibs\org\apache\maven\plugin-tools\maven-plugin-annotations\3.5.2\maven-plugin-annotations-3.5.2.jar;E:\My Automation\EclipseProjects\FrameworkCreation\LocalMavenLibs\org\apache\maven\surefire\surefire-report-parser\2.22.2\surefire-report-parser-2.22.2.jar;E:\My Automation\EclipseProjects\FrameworkCreation\LocalMavenLibs\org\apache\maven\surefire\surefire-logger-api\2.22.2\surefire-logger-api-2.22.2.jar;E:\My Automation\EclipseProjects\FrameworkCreation\LocalMavenLibs\org\apache\maven\reporting\maven-reporting-impl\2.4\maven-reporting-impl-2.4.jar;E:\My Automation\EclipseProjects\FrameworkCreation\LocalMavenLibs\commons-validator\commons-validator\1.4.1\commons-validator-1.4.1.jar;E:\My Automation\EclipseProjects\FrameworkCreation\LocalMavenLibs\junit\junit\4.12\junit-4.12.jar;E:\My Automation\EclipseProjects\FrameworkCreation\LocalMavenLibs\org\hamcrest\hamcrest-core\1.3\hamcrest-core-1.3.jar;E:\My Automation\EclipseProjects\FrameworkCreation\LocalMavenLibs\org\junit\jupiter\junit-jupiter-api\5.4.0\junit-jupiter-api-5.4.0.jar;E:\My Automation\EclipseProjects\FrameworkCreation\LocalMavenLibs\org\apiguardian\apiguardian-api\1.0.0\apiguardian-api-1.0.0.jar;E:\My Automation\EclipseProjects\FrameworkCreation\LocalMavenLibs\org\opentest4j\opentest4j\1.1.1\opentest4j-1.1.1.jar;E:\My Automation\EclipseProjects\FrameworkCreation\LocalMavenLibs\org\junit\platform\junit-platform-commons\1.4.0\junit-platform-commons-1.4.0.jar;E:\My Automation\EclipseProjects\FrameworkCreation\LocalMavenLibs\org\junit\jupiter\junit-jupiter-engine\5.4.0\junit-jupiter-engine-5.4.0.jar;E:\My Automation\EclipseProjects\FrameworkCreation\LocalMavenLibs\org\junit\platform\junit-platform-engine\1.4.0\junit-platform-engine-1.4.0.jar;E:\My Automation\EclipseProjects\FrameworkCreation\LocalMavenLibs\org\seleniumhq\selenium\selenium-java\3.141.59\selenium-java-3.141.59.jar;E:\My Automation\EclipseProjects\FrameworkCreation\LocalMavenLibs\org\seleniumhq\selenium\selenium-api\3.141.59\selenium-api-3.141.59.jar;E:\My Automation\EclipseProjects\FrameworkCreation\LocalMavenLibs\org\seleniumhq\selenium\selenium-chrome-driver\3.141.59\selenium-chrome-driver-3.141.59.jar;E:\My Automation\EclipseProjects\FrameworkCreation\LocalMavenLibs\org\seleniumhq\selenium\selenium-edge-driver\3.141.59\selenium-edge-driver-3.141.59.jar;E:\My Automation\EclipseProjects\FrameworkCreation\LocalMavenLibs\org\seleniumhq\selenium\selenium-firefox-driver\3.141.59\selenium-firefox-driver-3.141.59.jar;E:\My Automation\EclipseProjects\FrameworkCreation\LocalMavenLibs\org\seleniumhq\selenium\selenium-ie-driver\3.141.59\selenium-ie-driver-3.141.59.jar;E:\My Automation\EclipseProjects\FrameworkCreation\LocalMavenLibs\org\seleniumhq\selenium\selenium-opera-driver\3.141.59\selenium-opera-driver-3.141.59.jar;E:\My Automation\EclipseProjects\FrameworkCreation\LocalMavenLibs\org\seleniumhq\selenium\selenium-remote-driver\3.141.59\selenium-remote-driver-3.141.59.jar;E:\My Automation\EclipseProjects\FrameworkCreation\LocalMavenLibs\org\seleniumhq\selenium\selenium-safari-driver\3.141.59\selenium-safari-driver-3.141.59.jar;E:\My Automation\EclipseProjects\FrameworkCreation\LocalMavenLibs\org\seleniumhq\selenium\selenium-support\3.141.59\selenium-support-3.141.59.jar;E:\My Automation\EclipseProjects\FrameworkCreation\LocalMavenLibs\net\bytebuddy\byte-buddy\1.8.15\byte-buddy-1.8.15.jar;E:\My Automation\EclipseProjects\FrameworkCreation\LocalMavenLibs\org\apache\commons\commons-exec\1.3\commons-exec-1.3.jar;E:\My Automation\EclipseProjects\FrameworkCreation\LocalMavenLibs\com\google\guava\guava\25.0-jre\guava-25.0-jre.jar;E:\My Automation\EclipseProjects\FrameworkCreation\LocalMavenLibs\com\google\code\findbugs\jsr305\1.3.9\jsr305-1.3.9.jar;E:\My Automation\EclipseProjects\FrameworkCreation\LocalMavenLibs\org\checkerframework\checker-compat-qual\2.0.0\checker-compat-qual-2.0.0.jar;E:\My Automation\EclipseProjects\FrameworkCreation\LocalMavenLibs\com\google\errorprone\error_prone_annotations\2.1.3\error_prone_annotations-2.1.3.jar;E:\My Automation\EclipseProjects\FrameworkCreation\LocalMavenLibs\com\google\j2objc\j2objc-annotations\1.1\j2objc-annotations-1.1.jar;E:\My Automation\EclipseProjects\FrameworkCreation\LocalMavenLibs\org\codehaus\mojo\animal-sniffer-annotations\1.14\animal-sniffer-annotations-1.14.jar;E:\My Automation\EclipseProjects\FrameworkCreation\LocalMavenLibs\com\squareup\okhttp3\okhttp\3.11.0\okhttp-3.11.0.jar;E:\My Automation\EclipseProjects\FrameworkCreation\LocalMavenLibs\com\squareup\okio\okio\1.14.0\okio-1.14.0.jar;E:\My Automation\EclipseProjects\FrameworkCreation\LocalMavenLibs\commons-io\commons-io\2.6\commons-io-2.6.jar;E:\My Automation\EclipseProjects\FrameworkCreation\LocalMavenLibs\com\opencsv\opencsv\4.6\opencsv-4.6.jar;E:\My Automation\EclipseProjects\FrameworkCreation\LocalMavenLibs\org\apache\commons\commons-text\1.3\commons-text-1.3.jar;E:\My Automation\EclipseProjects\FrameworkCreation\LocalMavenLibs\commons-beanutils\commons-beanutils\1.9.3\commons-beanutils-1.9.3.jar;E:\My Automation\EclipseProjects\FrameworkCreation\LocalMavenLibs\commons-logging\commons-logging\1.2\commons-logging-1.2.jar;E:\My Automation\EclipseProjects\FrameworkCreation\LocalMavenLibs\org\apache\commons\commons-collections4\4.2\commons-collections4-4.2.jar;E:\My Automation\EclipseProjects\FrameworkCreation\LocalMavenLibs\org\apache\poi\poi\4.1.0\poi-4.1.0.jar;E:\My Automation\EclipseProjects\FrameworkCreation\LocalMavenLibs\commons-codec\commons-codec\1.12\commons-codec-1.12.jar;E:\My Automation\EclipseProjects\FrameworkCreation\LocalMavenLibs\org\apache\commons\commons-math3\3.6.1\commons-math3-3.6.1.jar;E:\My Automation\EclipseProjects\FrameworkCreation\LocalMavenLibs\org\apache\poi\poi-ooxml\4.1.0\poi-ooxml-4.1.0.jar;E:\My Automation\EclipseProjects\FrameworkCreation\LocalMavenLibs\org\apache\commons\commons-compress\1.18\commons-compress-1.18.jar;E:\My Automation\EclipseProjects\FrameworkCreation\LocalMavenLibs\com\github\virtuald\curvesapi\1.06\curvesapi-1.06.jar;E:\My Automation\EclipseProjects\FrameworkCreation\LocalMavenLibs\org\apache\poi\poi-ooxml-schemas\4.1.0\poi-ooxml-schemas-4.1.0.jar;E:\My Automation\EclipseProjects\FrameworkCreation\LocalMavenLibs\org\apache\xmlbeans\xmlbeans\3.1.0\xmlbeans-3.1.0.jar;E:\My Automation\EclipseProjects\FrameworkCreation\LocalMavenLibs\org\reflections\reflections\0.9.11\reflections-0.9.11.jar;E:\My Automation\EclipseProjects\FrameworkCreation\LocalMavenLibs\org\javassist\javassist\3.21.0-GA\javassist-3.21.0-GA.jar;E:\My Automation\EclipseProjects\FrameworkCreation\LocalMavenLibs\log4j\log4j\1.2.17\log4j-1.2.17.jar;E:\My Automation\EclipseProjects\FrameworkCreation\LocalMavenLibs\com\aventstack\extentreports\4.0.9\extentreports-4.0.9.jar;E:\My Automation\EclipseProjects\FrameworkCreation\LocalMavenLibs\org\freemarker\freemarker\2.3.23\freemarker-2.3.23.jar;E:\My Automation\EclipseProjects\FrameworkCreation\LocalMavenLibs\org\mongodb\mongodb-driver\3.3.0\mongodb-driver-3.3.0.jar;E:\My Automation\EclipseProjects\FrameworkCreation\LocalMavenLibs\org\mongodb\mongodb-driver-core\3.3.0\mongodb-driver-core-3.3.0.jar;E:\My Automation\EclipseProjects\FrameworkCreation\LocalMavenLibs\org\mongodb\bson\3.3.0\bson-3.3.0.jar;E:\My Automation\EclipseProjects\FrameworkCreation\LocalMavenLibs\org\apache\httpcomponents\httpclient\4.5.2\httpclient-4.5.2.jar;E:\My Automation\EclipseProjects\FrameworkCreation\LocalMavenLibs\org\apache\httpcomponents\httpcore\4.4.4\httpcore-4.4.4.jar;E:\My Automation\EclipseProjects\FrameworkCreation\LocalMavenLibs\org\apache\httpcomponents\httpmime\4.5.2\httpmime-4.5.2.jar;E:\My Automation\EclipseProjects\FrameworkCreation\LocalMavenLibs\com\google\code\gson\gson\2.8.5\gson-2.8.5.jar;"/>
    <property name="java.vm.vendor" value="Oracle Corporation"/>
    <property name="sun.arch.data.model" value="64"/>
    <property name="user.variant" value=""/>
    <property name="java.vendor.url" value="http://java.oracle.com/"/>
    <property name="user.timezone" value="Asia/Calcutta"/>
    <property name="java.vm.specification.version" value="1.8"/>
    <property name="os.name" value="Windows 8.1"/>
    <property name="user.country" value="GB"/>
    <property name="sun.java.launcher" value="SUN_STANDARD"/>
    <property name="sun.boot.library.path" value="C:\Program Files\Java\jdk1.8.0_191\jre\bin"/>
    <property name="sun.java.command" value="C:\Users\Santosh\AppData\Local\Temp\surefire5140461031298579758\surefirebooter1406203005716585514.jar C:\Users\Santosh\AppData\Local\Temp\surefire5140461031298579758 2020-02-02T20-20-01_238-jvmRun1 surefire6791585422190443845tmp surefire_06998011323558934768tmp"/>
    <property name="surefire.test.class.path" value="E:\My Automation\MyAllGitProjects\Selenium_POM_JUNIT_Framework\target\test-classes;E:\My Automation\MyAllGitProjects\Selenium_POM_JUNIT_Framework\target\classes;E:\My Automation\EclipseProjects\FrameworkCreation\LocalMavenLibs\org\apache\maven\plugins\maven-resources-plugin\3.0.2\maven-resources-plugin-3.0.2.jar;E:\My Automation\EclipseProjects\FrameworkCreation\LocalMavenLibs\org\apache\maven\maven-plugin-api\3.0\maven-plugin-api-3.0.jar;E:\My Automation\EclipseProjects\FrameworkCreation\LocalMavenLibs\org\apache\maven\maven-artifact\3.0\maven-artifact-3.0.jar;E:\My Automation\EclipseProjects\FrameworkCreation\LocalMavenLibs\org\apache\maven\maven-core\3.0\maven-core-3.0.jar;E:\My Automation\EclipseProjects\FrameworkCreation\LocalMavenLibs\org\apache\maven\maven-repository-metadata\3.0\maven-repository-metadata-3.0.jar;E:\My Automation\EclipseProjects\FrameworkCreation\LocalMavenLibs\org\apache\maven\maven-model-builder\3.0\maven-model-builder-3.0.jar;E:\My Automation\EclipseProjects\FrameworkCreation\LocalMavenLibs\org\apache\maven\maven-aether-provider\3.0\maven-aether-provider-3.0.jar;E:\My Automation\EclipseProjects\FrameworkCreation\LocalMavenLibs\org\sonatype\aether\aether-impl\1.7\aether-impl-1.7.jar;E:\My Automation\EclipseProjects\FrameworkCreation\LocalMavenLibs\org\sonatype\aether\aether-spi\1.7\aether-spi-1.7.jar;E:\My Automation\EclipseProjects\FrameworkCreation\LocalMavenLibs\org\sonatype\aether\aether-api\1.7\aether-api-1.7.jar;E:\My Automation\EclipseProjects\FrameworkCreation\LocalMavenLibs\org\sonatype\aether\aether-util\1.7\aether-util-1.7.jar;E:\My Automation\EclipseProjects\FrameworkCreation\LocalMavenLibs\org\codehaus\plexus\plexus-component-annotations\1.5.5\plexus-component-annotations-1.5.5.jar;E:\My Automation\EclipseProjects\FrameworkCreation\LocalMavenLibs\org\sonatype\plexus\plexus-sec-dispatcher\1.3\plexus-sec-dispatcher-1.3.jar;E:\My Automation\EclipseProjects\FrameworkCreation\LocalMavenLibs\org\sonatype\plexus\plexus-cipher\1.4\plexus-cipher-1.4.jar;E:\My Automation\EclipseProjects\FrameworkCreation\LocalMavenLibs\org\apache\maven\maven-model\3.0\maven-model-3.0.jar;E:\My Automation\EclipseProjects\FrameworkCreation\LocalMavenLibs\org\codehaus\plexus\plexus-utils\3.0.24\plexus-utils-3.0.24.jar;E:\My Automation\EclipseProjects\FrameworkCreation\LocalMavenLibs\org\apache\maven\shared\maven-filtering\3.1.1\maven-filtering-3.1.1.jar;E:\My Automation\EclipseProjects\FrameworkCreation\LocalMavenLibs\org\sonatype\plexus\plexus-build-api\0.0.7\plexus-build-api-0.0.7.jar;E:\My Automation\EclipseProjects\FrameworkCreation\LocalMavenLibs\org\codehaus\plexus\plexus-interpolation\1.24\plexus-interpolation-1.24.jar;E:\My Automation\EclipseProjects\FrameworkCreation\LocalMavenLibs\org\apache\maven\plugins\maven-site-plugin\3.7.1\maven-site-plugin-3.7.1.jar;E:\My Automation\EclipseProjects\FrameworkCreation\LocalMavenLibs\org\apache\maven\reporting\maven-reporting-exec\1.4\maven-reporting-exec-1.4.jar;E:\My Automation\EclipseProjects\FrameworkCreation\LocalMavenLibs\org\apache\maven\reporting\maven-reporting-api\3.0\maven-reporting-api-3.0.jar;E:\My Automation\EclipseProjects\FrameworkCreation\LocalMavenLibs\org\eclipse\aether\aether-util\0.9.0.M2\aether-util-0.9.0.M2.jar;E:\My Automation\EclipseProjects\FrameworkCreation\LocalMavenLibs\org\apache\maven\shared\maven-shared-utils\3.1.0\maven-shared-utils-3.1.0.jar;E:\My Automation\EclipseProjects\FrameworkCreation\LocalMavenLibs\org\apache\maven\maven-settings\3.0\maven-settings-3.0.jar;E:\My Automation\EclipseProjects\FrameworkCreation\LocalMavenLibs\org\apache\maven\maven-settings-builder\3.0\maven-settings-builder-3.0.jar;E:\My Automation\EclipseProjects\FrameworkCreation\LocalMavenLibs\org\apache\maven\maven-archiver\3.1.1\maven-archiver-3.1.1.jar;E:\My Automation\EclipseProjects\FrameworkCreation\LocalMavenLibs\org\sonatype\sisu\sisu-inject-plexus\1.4.2\sisu-inject-plexus-1.4.2.jar;E:\My Automation\EclipseProjects\FrameworkCreation\LocalMavenLibs\org\sonatype\sisu\sisu-inject-bean\1.4.2\sisu-inject-bean-1.4.2.jar;E:\My Automation\EclipseProjects\FrameworkCreation\LocalMavenLibs\org\sonatype\sisu\sisu-guice\2.1.7\sisu-guice-2.1.7-noaop.jar;E:\My Automation\EclipseProjects\FrameworkCreation\LocalMavenLibs\org\codehaus\plexus\plexus-archiver\3.4\plexus-archiver-3.4.jar;E:\My Automation\EclipseProjects\FrameworkCreation\LocalMavenLibs\org\codehaus\plexus\plexus-io\2.7.1\plexus-io-2.7.1.jar;E:\My Automation\EclipseProjects\FrameworkCreation\LocalMavenLibs\org\iq80\snappy\snappy\0.4\snappy-0.4.jar;E:\My Automation\EclipseProjects\FrameworkCreation\LocalMavenLibs\org\tukaani\xz\1.5\xz-1.5.jar;E:\My Automation\EclipseProjects\FrameworkCreation\LocalMavenLibs\org\codehaus\plexus\plexus-i18n\1.0-beta-10\plexus-i18n-1.0-beta-10.jar;E:\My Automation\EclipseProjects\FrameworkCreation\LocalMavenLibs\org\codehaus\plexus\plexus-classworlds\2.5.2\plexus-classworlds-2.5.2.jar;E:\My Automation\EclipseProjects\FrameworkCreation\LocalMavenLibs\org\apache\maven\doxia\doxia-sink-api\1.8\doxia-sink-api-1.8.jar;E:\My Automation\EclipseProjects\FrameworkCreation\LocalMavenLibs\org\apache\maven\doxia\doxia-logging-api\1.8\doxia-logging-api-1.8.jar;E:\My Automation\EclipseProjects\FrameworkCreation\LocalMavenLibs\org\apache\maven\doxia\doxia-module-xhtml\1.8\doxia-module-xhtml-1.8.jar;E:\My Automation\EclipseProjects\FrameworkCreation\LocalMavenLibs\org\apache\maven\doxia\doxia-core\1.8\doxia-core-1.8.jar;E:\My Automation\EclipseProjects\FrameworkCreation\LocalMavenLibs\org\apache\maven\doxia\doxia-module-apt\1.8\doxia-module-apt-1.8.jar;E:\My Automation\EclipseProjects\FrameworkCreation\LocalMavenLibs\org\apache\maven\doxia\doxia-module-xdoc\1.8\doxia-module-xdoc-1.8.jar;E:\My Automation\EclipseProjects\FrameworkCreation\LocalMavenLibs\org\apache\maven\doxia\doxia-module-fml\1.8\doxia-module-fml-1.8.jar;E:\My Automation\EclipseProjects\FrameworkCreation\LocalMavenLibs\org\apache\maven\doxia\doxia-module-markdown\1.8\doxia-module-markdown-1.8.jar;E:\My Automation\EclipseProjects\FrameworkCreation\LocalMavenLibs\com\vladsch\flexmark\flexmark-all\0.18.4\flexmark-all-0.18.4.jar;E:\My Automation\EclipseProjects\FrameworkCreation\LocalMavenLibs\com\vladsch\flexmark\flexmark\0.18.4\flexmark-0.18.4.jar;E:\My Automation\EclipseProjects\FrameworkCreation\LocalMavenLibs\com\vladsch\flexmark\flexmark-ext-abbreviation\0.18.4\flexmark-ext-abbreviation-0.18.4.jar;E:\My Automation\EclipseProjects\FrameworkCreation\LocalMavenLibs\com\vladsch\flexmark\flexmark-ext-anchorlink\0.18.4\flexmark-ext-anchorlink-0.18.4.jar;E:\My Automation\EclipseProjects\FrameworkCreation\LocalMavenLibs\com\vladsch\flexmark\flexmark-ext-aside\0.18.4\flexmark-ext-aside-0.18.4.jar;E:\My Automation\EclipseProjects\FrameworkCreation\LocalMavenLibs\com\vladsch\flexmark\flexmark-ext-autolink\0.18.4\flexmark-ext-autolink-0.18.4.jar;E:\My Automation\EclipseProjects\FrameworkCreation\LocalMavenLibs\org\nibor\autolink\autolink\0.6.0\autolink-0.6.0.jar;E:\My Automation\EclipseProjects\FrameworkCreation\LocalMavenLibs\com\vladsch\flexmark\flexmark-ext-definition\0.18.4\flexmark-ext-definition-0.18.4.jar;E:\My Automation\EclipseProjects\FrameworkCreation\LocalMavenLibs\com\vladsch\flexmark\flexmark-ext-emoji\0.18.4\flexmark-ext-emoji-0.18.4.jar;E:\My Automation\EclipseProjects\FrameworkCreation\LocalMavenLibs\com\vladsch\flexmark\flexmark-ext-escaped-character\0.18.4\flexmark-ext-escaped-character-0.18.4.jar;E:\My Automation\EclipseProjects\FrameworkCreation\LocalMavenLibs\com\vladsch\flexmark\flexmark-ext-footnotes\0.18.4\flexmark-ext-footnotes-0.18.4.jar;E:\My Automation\EclipseProjects\FrameworkCreation\LocalMavenLibs\com\vladsch\flexmark\flexmark-ext-gfm-strikethrough\0.18.4\flexmark-ext-gfm-strikethrough-0.18.4.jar;E:\My Automation\EclipseProjects\FrameworkCreation\LocalMavenLibs\com\vladsch\flexmark\flexmark-ext-gfm-tables\0.18.4\flexmark-ext-gfm-tables-0.18.4.jar;E:\My Automation\EclipseProjects\FrameworkCreation\LocalMavenLibs\com\vladsch\flexmark\flexmark-ext-gfm-tasklist\0.18.4\flexmark-ext-gfm-tasklist-0.18.4.jar;E:\My Automation\EclipseProjects\FrameworkCreation\LocalMavenLibs\com\vladsch\flexmark\flexmark-ext-jekyll-front-matter\0.18.4\flexmark-ext-jekyll-front-matter-0.18.4.jar;E:\My Automation\EclipseProjects\FrameworkCreation\LocalMavenLibs\com\vladsch\flexmark\flexmark-ext-jekyll-tag\0.18.4\flexmark-ext-jekyll-tag-0.18.4.jar;E:\My Automation\EclipseProjects\FrameworkCreation\LocalMavenLibs\com\vladsch\flexmark\flexmark-ext-ins\0.18.4\flexmark-ext-ins-0.18.4.jar;E:\My Automation\EclipseProjects\FrameworkCreation\LocalMavenLibs\com\vladsch\flexmark\flexmark-ext-xwiki-macros\0.18.4\flexmark-ext-xwiki-macros-0.18.4.jar;E:\My Automation\EclipseProjects\FrameworkCreation\LocalMavenLibs\com\vladsch\flexmark\flexmark-ext-spec-example\0.18.4\flexmark-ext-spec-example-0.18.4.jar;E:\My Automation\EclipseProjects\FrameworkCreation\LocalMavenLibs\com\vladsch\flexmark\flexmark-test-util\0.18.4\flexmark-test-util-0.18.4.jar;E:\My Automation\EclipseProjects\FrameworkCreation\LocalMavenLibs\com\vladsch\flexmark\flexmark-ext-superscript\0.18.4\flexmark-ext-superscript-0.18.4.jar;E:\My Automation\EclipseProjects\FrameworkCreation\LocalMavenLibs\com\vladsch\flexmark\flexmark-ext-tables\0.18.4\flexmark-ext-tables-0.18.4.jar;E:\My Automation\EclipseProjects\FrameworkCreation\LocalMavenLibs\com\vladsch\flexmark\flexmark-ext-toc\0.18.4\flexmark-ext-toc-0.18.4.jar;E:\My Automation\EclipseProjects\FrameworkCreation\LocalMavenLibs\com\vladsch\flexmark\flexmark-ext-typographic\0.18.4\flexmark-ext-typographic-0.18.4.jar;E:\My Automation\EclipseProjects\FrameworkCreation\LocalMavenLibs\com\vladsch\flexmark\flexmark-ext-wikilink\0.18.4\flexmark-ext-wikilink-0.18.4.jar;E:\My Automation\EclipseProjects\FrameworkCreation\LocalMavenLibs\com\vladsch\flexmark\flexmark-ext-yaml-front-matter\0.18.4\flexmark-ext-yaml-front-matter-0.18.4.jar;E:\My Automation\EclipseProjects\FrameworkCreation\LocalMavenLibs\com\vladsch\flexmark\flexmark-formatter\0.18.4\flexmark-formatter-0.18.4.jar;E:\My Automation\EclipseProjects\FrameworkCreation\LocalMavenLibs\com\vladsch\flexmark\flexmark-html-parser\0.18.4\flexmark-html-parser-0.18.4.jar;E:\My Automation\EclipseProjects\FrameworkCreation\LocalMavenLibs\org\jsoup\jsoup\1.10.2\jsoup-1.10.2.jar;E:\My Automation\EclipseProjects\FrameworkCreation\LocalMavenLibs\com\vladsch\flexmark\flexmark-jira-converter\0.18.4\flexmark-jira-converter-0.18.4.jar;E:\My Automation\EclipseProjects\FrameworkCreation\LocalMavenLibs\com\vladsch\flexmark\flexmark-pdf-converter\0.18.4\flexmark-pdf-converter-0.18.4.jar;E:\My Automation\EclipseProjects\FrameworkCreation\LocalMavenLibs\com\openhtmltopdf\openhtmltopdf-core\0.0.1-RC9\openhtmltopdf-core-0.0.1-RC9.jar;E:\My Automation\EclipseProjects\FrameworkCreation\LocalMavenLibs\com\openhtmltopdf\openhtmltopdf-pdfbox\0.0.1-RC9\openhtmltopdf-pdfbox-0.0.1-RC9.jar;E:\My Automation\EclipseProjects\FrameworkCreation\LocalMavenLibs\org\apache\pdfbox\pdfbox\2.0.4\pdfbox-2.0.4.jar;E:\My Automation\EclipseProjects\FrameworkCreation\LocalMavenLibs\org\apache\pdfbox\fontbox\2.0.4\fontbox-2.0.4.jar;E:\My Automation\EclipseProjects\FrameworkCreation\LocalMavenLibs\com\openhtmltopdf\openhtmltopdf-rtl-support\0.0.1-RC9\openhtmltopdf-rtl-support-0.0.1-RC9.jar;E:\My Automation\EclipseProjects\FrameworkCreation\LocalMavenLibs\com\ibm\icu\icu4j\58.1\icu4j-58.1.jar;E:\My Automation\EclipseProjects\FrameworkCreation\LocalMavenLibs\com\openhtmltopdf\openhtmltopdf-jsoup-dom-converter\0.0.1-RC9\openhtmltopdf-jsoup-dom-converter-0.0.1-RC9.jar;E:\My Automation\EclipseProjects\FrameworkCreation\LocalMavenLibs\com\vladsch\flexmark\flexmark-profile-pegdown\0.18.4\flexmark-profile-pegdown-0.18.4.jar;E:\My Automation\EclipseProjects\FrameworkCreation\LocalMavenLibs\com\vladsch\flexmark\flexmark-util\0.18.4\flexmark-util-0.18.4.jar;E:\My Automation\EclipseProjects\FrameworkCreation\LocalMavenLibs\com\vladsch\flexmark\flexmark-youtrack-converter\0.18.4\flexmark-youtrack-converter-0.18.4.jar;E:\My Automation\EclipseProjects\FrameworkCreation\LocalMavenLibs\javax\servlet\servlet-api\2.5\servlet-api-2.5.jar;E:\My Automation\EclipseProjects\FrameworkCreation\LocalMavenLibs\org\apache\maven\doxia\doxia-decoration-model\1.8.1\doxia-decoration-model-1.8.1.jar;E:\My Automation\EclipseProjects\FrameworkCreation\LocalMavenLibs\org\apache\maven\doxia\doxia-site-renderer\1.8.1\doxia-site-renderer-1.8.1.jar;E:\My Automation\EclipseProjects\FrameworkCreation\LocalMavenLibs\org\apache\maven\doxia\doxia-skin-model\1.8.1\doxia-skin-model-1.8.1.jar;E:\My Automation\EclipseProjects\FrameworkCreation\LocalMavenLibs\org\codehaus\plexus\plexus-container-default\1.0-alpha-30\plexus-container-default-1.0-alpha-30.jar;E:\My Automation\EclipseProjects\FrameworkCreation\LocalMavenLibs\org\codehaus\plexus\plexus-velocity\1.2\plexus-velocity-1.2.jar;E:\My Automation\EclipseProjects\FrameworkCreation\LocalMavenLibs\org\apache\velocity\velocity\1.7\velocity-1.7.jar;E:\My Automation\EclipseProjects\FrameworkCreation\LocalMavenLibs\commons-lang\commons-lang\2.4\commons-lang-2.4.jar;E:\My Automation\EclipseProjects\FrameworkCreation\LocalMavenLibs\org\apache\velocity\velocity-tools\2.0\velocity-tools-2.0.jar;E:\My Automation\EclipseProjects\FrameworkCreation\LocalMavenLibs\commons-digester\commons-digester\1.8\commons-digester-1.8.jar;E:\My Automation\EclipseProjects\FrameworkCreation\LocalMavenLibs\commons-chain\commons-chain\1.1\commons-chain-1.1.jar;E:\My Automation\EclipseProjects\FrameworkCreation\LocalMavenLibs\dom4j\dom4j\1.1\dom4j-1.1.jar;E:\My Automation\EclipseProjects\FrameworkCreation\LocalMavenLibs\oro\oro\2.0.8\oro-2.0.8.jar;E:\My Automation\EclipseProjects\FrameworkCreation\LocalMavenLibs\sslext\sslext\1.2-0\sslext-1.2-0.jar;E:\My Automation\EclipseProjects\FrameworkCreation\LocalMavenLibs\org\apache\struts\struts-core\1.3.8\struts-core-1.3.8.jar;E:\My Automation\EclipseProjects\FrameworkCreation\LocalMavenLibs\antlr\antlr\2.7.2\antlr-2.7.2.jar;E:\My Automation\EclipseProjects\FrameworkCreation\LocalMavenLibs\org\apache\struts\struts-taglib\1.3.8\struts-taglib-1.3.8.jar;E:\My Automation\EclipseProjects\FrameworkCreation\LocalMavenLibs\org\apache\struts\struts-tiles\1.3.8\struts-tiles-1.3.8.jar;E:\My Automation\EclipseProjects\FrameworkCreation\LocalMavenLibs\commons-collections\commons-collections\3.2.1\commons-collections-3.2.1.jar;E:\My Automation\EclipseProjects\FrameworkCreation\LocalMavenLibs\org\apache\maven\doxia\doxia-integration-tools\1.8.1\doxia-integration-tools-1.8.1.jar;E:\My Automation\EclipseProjects\FrameworkCreation\LocalMavenLibs\org\apache\maven\wagon\wagon-provider-api\1.0\wagon-provider-api-1.0.jar;E:\My Automation\EclipseProjects\FrameworkCreation\LocalMavenLibs\org\mortbay\jetty\jetty\6.1.25\jetty-6.1.25.jar;E:\My Automation\EclipseProjects\FrameworkCreation\LocalMavenLibs\org\mortbay\jetty\servlet-api\2.5-20081211\servlet-api-2.5-20081211.jar;E:\My Automation\EclipseProjects\FrameworkCreation\LocalMavenLibs\org\mortbay\jetty\jetty-util\6.1.25\jetty-util-6.1.25.jar;E:\My Automation\EclipseProjects\FrameworkCreation\LocalMavenLibs\org\apache\commons\commons-lang3\3.4\commons-lang3-3.4.jar;E:\My Automation\EclipseProjects\FrameworkCreation\LocalMavenLibs\org\apache\maven\plugins\maven-surefire-plugin\2.22.2\maven-surefire-plugin-2.22.2.jar;E:\My Automation\EclipseProjects\FrameworkCreation\LocalMavenLibs\org\apache\maven\surefire\maven-surefire-common\2.22.2\maven-surefire-common-2.22.2.jar;E:\My Automation\EclipseProjects\FrameworkCreation\LocalMavenLibs\org\apache\maven\surefire\surefire-api\2.22.2\surefire-api-2.22.2.jar;E:\My Automation\EclipseProjects\FrameworkCreation\LocalMavenLibs\org\apache\maven\surefire\surefire-booter\2.22.2\surefire-booter-2.22.2.jar;E:\My Automation\EclipseProjects\FrameworkCreation\LocalMavenLibs\org\apache\maven\maven-plugin-descriptor\2.2.1\maven-plugin-descriptor-2.2.1.jar;E:\My Automation\EclipseProjects\FrameworkCreation\LocalMavenLibs\org\apache\maven\maven-toolchain\2.2.1\maven-toolchain-2.2.1.jar;E:\My Automation\EclipseProjects\FrameworkCreation\LocalMavenLibs\org\codehaus\plexus\plexus-java\0.9.10\plexus-java-0.9.10.jar;E:\My Automation\EclipseProjects\FrameworkCreation\LocalMavenLibs\org\ow2\asm\asm\6.2\asm-6.2.jar;E:\My Automation\EclipseProjects\FrameworkCreation\LocalMavenLibs\com\thoughtworks\qdox\qdox\2.0-M8\qdox-2.0-M8.jar;E:\My Automation\EclipseProjects\FrameworkCreation\LocalMavenLibs\org\apache\maven\plugins\maven-surefire-report-plugin\2.22.2\maven-surefire-report-plugin-2.22.2.jar;E:\My Automation\EclipseProjects\FrameworkCreation\LocalMavenLibs\org\apache\maven\maven-project\2.2.1\maven-project-2.2.1.jar;E:\My Automation\EclipseProjects\FrameworkCreation\LocalMavenLibs\org\apache\maven\maven-profile\2.2.1\maven-profile-2.2.1.jar;E:\My Automation\EclipseProjects\FrameworkCreation\LocalMavenLibs\org\apache\maven\maven-artifact-manager\2.2.1\maven-artifact-manager-2.2.1.jar;E:\My Automation\EclipseProjects\FrameworkCreation\LocalMavenLibs\backport-util-concurrent\backport-util-concurrent\3.1\backport-util-concurrent-3.1.jar;E:\My Automation\EclipseProjects\FrameworkCreation\LocalMavenLibs\org\apache\maven\maven-plugin-registry\2.2.1\maven-plugin-registry-2.2.1.jar;E:\My Automation\EclipseProjects\FrameworkCreation\LocalMavenLibs\org\apache\maven\plugin-tools\maven-plugin-annotations\3.5.2\maven-plugin-annotations-3.5.2.jar;E:\My Automation\EclipseProjects\FrameworkCreation\LocalMavenLibs\org\apache\maven\surefire\surefire-report-parser\2.22.2\surefire-report-parser-2.22.2.jar;E:\My Automation\EclipseProjects\FrameworkCreation\LocalMavenLibs\org\apache\maven\surefire\surefire-logger-api\2.22.2\surefire-logger-api-2.22.2.jar;E:\My Automation\EclipseProjects\FrameworkCreation\LocalMavenLibs\org\apache\maven\reporting\maven-reporting-impl\2.4\maven-reporting-impl-2.4.jar;E:\My Automation\EclipseProjects\FrameworkCreation\LocalMavenLibs\commons-validator\commons-validator\1.4.1\commons-validator-1.4.1.jar;E:\My Automation\EclipseProjects\FrameworkCreation\LocalMavenLibs\junit\junit\4.12\junit-4.12.jar;E:\My Automation\EclipseProjects\FrameworkCreation\LocalMavenLibs\org\hamcrest\hamcrest-core\1.3\hamcrest-core-1.3.jar;E:\My Automation\EclipseProjects\FrameworkCreation\LocalMavenLibs\org\junit\jupiter\junit-jupiter-api\5.4.0\junit-jupiter-api-5.4.0.jar;E:\My Automation\EclipseProjects\FrameworkCreation\LocalMavenLibs\org\apiguardian\apiguardian-api\1.0.0\apiguardian-api-1.0.0.jar;E:\My Automation\EclipseProjects\FrameworkCreation\LocalMavenLibs\org\opentest4j\opentest4j\1.1.1\opentest4j-1.1.1.jar;E:\My Automation\EclipseProjects\FrameworkCreation\LocalMavenLibs\org\junit\platform\junit-platform-commons\1.4.0\junit-platform-commons-1.4.0.jar;E:\My Automation\EclipseProjects\FrameworkCreation\LocalMavenLibs\org\junit\jupiter\junit-jupiter-engine\5.4.0\junit-jupiter-engine-5.4.0.jar;E:\My Automation\EclipseProjects\FrameworkCreation\LocalMavenLibs\org\junit\platform\junit-platform-engine\1.4.0\junit-platform-engine-1.4.0.jar;E:\My Automation\EclipseProjects\FrameworkCreation\LocalMavenLibs\org\seleniumhq\selenium\selenium-java\3.141.59\selenium-java-3.141.59.jar;E:\My Automation\EclipseProjects\FrameworkCreation\LocalMavenLibs\org\seleniumhq\selenium\selenium-api\3.141.59\selenium-api-3.141.59.jar;E:\My Automation\EclipseProjects\FrameworkCreation\LocalMavenLibs\org\seleniumhq\selenium\selenium-chrome-driver\3.141.59\selenium-chrome-driver-3.141.59.jar;E:\My Automation\EclipseProjects\FrameworkCreation\LocalMavenLibs\org\seleniumhq\selenium\selenium-edge-driver\3.141.59\selenium-edge-driver-3.141.59.jar;E:\My Automation\EclipseProjects\FrameworkCreation\LocalMavenLibs\org\seleniumhq\selenium\selenium-firefox-driver\3.141.59\selenium-firefox-driver-3.141.59.jar;E:\My Automation\EclipseProjects\FrameworkCreation\LocalMavenLibs\org\seleniumhq\selenium\selenium-ie-driver\3.141.59\selenium-ie-driver-3.141.59.jar;E:\My Automation\EclipseProjects\FrameworkCreation\LocalMavenLibs\org\seleniumhq\selenium\selenium-opera-driver\3.141.59\selenium-opera-driver-3.141.59.jar;E:\My Automation\EclipseProjects\FrameworkCreation\LocalMavenLibs\org\seleniumhq\selenium\selenium-remote-driver\3.141.59\selenium-remote-driver-3.141.59.jar;E:\My Automation\EclipseProjects\FrameworkCreation\LocalMavenLibs\org\seleniumhq\selenium\selenium-safari-driver\3.141.59\selenium-safari-driver-3.141.59.jar;E:\My Automation\EclipseProjects\FrameworkCreation\LocalMavenLibs\org\seleniumhq\selenium\selenium-support\3.141.59\selenium-support-3.141.59.jar;E:\My Automation\EclipseProjects\FrameworkCreation\LocalMavenLibs\net\bytebuddy\byte-buddy\1.8.15\byte-buddy-1.8.15.jar;E:\My Automation\EclipseProjects\FrameworkCreation\LocalMavenLibs\org\apache\commons\commons-exec\1.3\commons-exec-1.3.jar;E:\My Automation\EclipseProjects\FrameworkCreation\LocalMavenLibs\com\google\guava\guava\25.0-jre\guava-25.0-jre.jar;E:\My Automation\EclipseProjects\FrameworkCreation\LocalMavenLibs\com\google\code\findbugs\jsr305\1.3.9\jsr305-1.3.9.jar;E:\My Automation\EclipseProjects\FrameworkCreation\LocalMavenLibs\org\checkerframework\checker-compat-qual\2.0.0\checker-compat-qual-2.0.0.jar;E:\My Automation\EclipseProjects\FrameworkCreation\LocalMavenLibs\com\google\errorprone\error_prone_annotations\2.1.3\error_prone_annotations-2.1.3.jar;E:\My Automation\EclipseProjects\FrameworkCreation\LocalMavenLibs\com\google\j2objc\j2objc-annotations\1.1\j2objc-annotations-1.1.jar;E:\My Automation\EclipseProjects\FrameworkCreation\LocalMavenLibs\org\codehaus\mojo\animal-sniffer-annotations\1.14\animal-sniffer-annotations-1.14.jar;E:\My Automation\EclipseProjects\FrameworkCreation\LocalMavenLibs\com\squareup\okhttp3\okhttp\3.11.0\okhttp-3.11.0.jar;E:\My Automation\EclipseProjects\FrameworkCreation\LocalMavenLibs\com\squareup\okio\okio\1.14.0\okio-1.14.0.jar;E:\My Automation\EclipseProjects\FrameworkCreation\LocalMavenLibs\commons-io\commons-io\2.6\commons-io-2.6.jar;E:\My Automation\EclipseProjects\FrameworkCreation\LocalMavenLibs\com\opencsv\opencsv\4.6\opencsv-4.6.jar;E:\My Automation\EclipseProjects\FrameworkCreation\LocalMavenLibs\org\apache\commons\commons-text\1.3\commons-text-1.3.jar;E:\My Automation\EclipseProjects\FrameworkCreation\LocalMavenLibs\commons-beanutils\commons-beanutils\1.9.3\commons-beanutils-1.9.3.jar;E:\My Automation\EclipseProjects\FrameworkCreation\LocalMavenLibs\commons-logging\commons-logging\1.2\commons-logging-1.2.jar;E:\My Automation\EclipseProjects\FrameworkCreation\LocalMavenLibs\org\apache\commons\commons-collections4\4.2\commons-collections4-4.2.jar;E:\My Automation\EclipseProjects\FrameworkCreation\LocalMavenLibs\org\apache\poi\poi\4.1.0\poi-4.1.0.jar;E:\My Automation\EclipseProjects\FrameworkCreation\LocalMavenLibs\commons-codec\commons-codec\1.12\commons-codec-1.12.jar;E:\My Automation\EclipseProjects\FrameworkCreation\LocalMavenLibs\org\apache\commons\commons-math3\3.6.1\commons-math3-3.6.1.jar;E:\My Automation\EclipseProjects\FrameworkCreation\LocalMavenLibs\org\apache\poi\poi-ooxml\4.1.0\poi-ooxml-4.1.0.jar;E:\My Automation\EclipseProjects\FrameworkCreation\LocalMavenLibs\org\apache\commons\commons-compress\1.18\commons-compress-1.18.jar;E:\My Automation\EclipseProjects\FrameworkCreation\LocalMavenLibs\com\github\virtuald\curvesapi\1.06\curvesapi-1.06.jar;E:\My Automation\EclipseProjects\FrameworkCreation\LocalMavenLibs\org\apache\poi\poi-ooxml-schemas\4.1.0\poi-ooxml-schemas-4.1.0.jar;E:\My Automation\EclipseProjects\FrameworkCreation\LocalMavenLibs\org\apache\xmlbeans\xmlbeans\3.1.0\xmlbeans-3.1.0.jar;E:\My Automation\EclipseProjects\FrameworkCreation\LocalMavenLibs\org\reflections\reflections\0.9.11\reflections-0.9.11.jar;E:\My Automation\EclipseProjects\FrameworkCreation\LocalMavenLibs\org\javassist\javassist\3.21.0-GA\javassist-3.21.0-GA.jar;E:\My Automation\EclipseProjects\FrameworkCreation\LocalMavenLibs\log4j\log4j\1.2.17\log4j-1.2.17.jar;E:\My Automation\EclipseProjects\FrameworkCreation\LocalMavenLibs\com\aventstack\extentreports\4.0.9\extentreports-4.0.9.jar;E:\My Automation\EclipseProjects\FrameworkCreation\LocalMavenLibs\org\freemarker\freemarker\2.3.23\freemarker-2.3.23.jar;E:\My Automation\EclipseProjects\FrameworkCreation\LocalMavenLibs\org\mongodb\mongodb-driver\3.3.0\mongodb-driver-3.3.0.jar;E:\My Automation\EclipseProjects\FrameworkCreation\LocalMavenLibs\org\mongodb\mongodb-driver-core\3.3.0\mongodb-driver-core-3.3.0.jar;E:\My Automation\EclipseProjects\FrameworkCreation\LocalMavenLibs\org\mongodb\bson\3.3.0\bson-3.3.0.jar;E:\My Automation\EclipseProjects\FrameworkCreation\LocalMavenLibs\org\apache\httpcomponents\httpclient\4.5.2\httpclient-4.5.2.jar;E:\My Automation\EclipseProjects\FrameworkCreation\LocalMavenLibs\org\apache\httpcomponents\httpcore\4.4.4\httpcore-4.4.4.jar;E:\My Automation\EclipseProjects\FrameworkCreation\LocalMavenLibs\org\apache\httpcomponents\httpmime\4.5.2\httpmime-4.5.2.jar;E:\My Automation\EclipseProjects\FrameworkCreation\LocalMavenLibs\com\google\code\gson\gson\2.8.5\gson-2.8.5.jar;"/>
    <property name="sun.cpu.endian" value="little"/>
    <property name="user.home" value="C:\Users\Santosh"/>
    <property name="user.language" value="en"/>
    <property name="java.specification.vendor" value="Oracle Corporation"/>
    <property name="java.home" value="C:\Program Files\Java\jdk1.8.0_191\jre"/>
    <property name="basedir" value="E:\My Automation\MyAllGitProjects\Selenium_POM_JUNIT_Framework"/>
    <property name="file.separator" value="\"/>
    <property name="line.separator" value="&#10;"/>
    <property name="java.vm.specification.vendor" value="Oracle Corporation"/>
    <property name="java.specification.name" value="Java Platform API Specification"/>
    <property name="java.awt.graphicsenv" value="sun.awt.Win32GraphicsEnvironment"/>
    <property name="surefire.real.class.path" value="C:\Users\Santosh\AppData\Local\Temp\surefire5140461031298579758\surefirebooter1406203005716585514.jar"/>
    <property name="sun.boot.class.path" value="C:\Program Files\Java\jdk1.8.0_191\jre\lib\resources.jar;C:\Program Files\Java\jdk1.8.0_191\jre\lib\rt.jar;C:\Program Files\Java\jdk1.8.0_191\jre\lib\sunrsasign.jar;C:\Program Files\Java\jdk1.8.0_191\jre\lib\jsse.jar;C:\Program Files\Java\jdk1.8.0_191\jre\lib\jce.jar;C:\Program Files\Java\jdk1.8.0_191\jre\lib\charsets.jar;C:\Program Files\Java\jdk1.8.0_191\jre\lib\jfr.jar;C:\Program Files\Java\jdk1.8.0_191\jre\classes"/>
    <property name="user.script" value=""/>
    <property name="sun.management.compiler" value="HotSpot 64-Bit Tiered Compilers"/>
    <property name="java.runtime.version" value="1.8.0_191-b12"/>
    <property name="user.name" value="Santosh"/>
    <property name="path.separator" value=";"/>
    <property name="os.version" value="6.3"/>
    <property name="java.endorsed.dirs" value="C:\Program Files\Java\jdk1.8.0_191\jre\lib\endorsed"/>
    <property name="java.runtime.name" value="Java(TM) SE Runtime Environment"/>
    <property name="file.encoding" value="Cp1252"/>
    <property name="java.vm.name" value="Java HotSpot(TM) 64-Bit Server VM"/>
    <property name="localRepository" value="E:\My Automation\EclipseProjects\FrameworkCreation\LocalMavenLibs"/>
    <property name="java.vendor.url.bug" value="http://bugreport.sun.com/bugreport/"/>
    <property name="java.io.tmpdir" value="C:\Users\Santosh\AppData\Local\Temp\"/>
    <property name="java.version" value="1.8.0_191"/>
    <property name="user.dir" value="E:\My Automation\MyAllGitProjects\Selenium_POM_JUNIT_Framework"/>
    <property name="os.arch" value="amd64"/>
    <property name="java.vm.specification.name" value="Java Virtual Machine Specification"/>
    <property name="java.awt.printerjob" value="sun.awt.windows.WPrinterJob"/>
    <property name="sun.os.patch.level" value=""/>
    <property name="java.library.path" value="C:\Program Files\Java\jdk1.8.0_191\jre\bin;C:\WINDOWS\Sun\Java\bin;C:\WINDOWS\system32;C:\WINDOWS;C:\Program Files (x86)\Common Files\Oracle\Java\javapath;C:\WINDOWS\system32;C:\WINDOWS;C:\WINDOWS\System32\Wbem;C:\WINDOWS\System32\WindowsPowerShell\v1.0\;C:\Program Files\Microsoft\Web Platform Installer\;C:\Program Files (x86)\Microsoft ASP.NET\ASP.NET Web Pages\v1.0\;C:\Program Files (x86)\Windows Kits\8.0\Windows Performance Toolkit\;C:\Program Files\Microsoft SQL Server\110\Tools\Binn\;C:\Program Files\Git\cmd;C:\Program Files\Java\jdk1.8.0_191\bin;C:\Users\Santosh\AppData\Local\Android\Sdk\tools\bin;C:\Users\Santosh\AppData\Local\Android\Sdk;C:\Users\Santosh\AppData\Local\Android\Sdk\tools\;C:\Users\Santosh\AppData\Local\Android\Sdk\platform-tools;C:\Users\Santosh\AppData\Local\Android\Sdk\build-tools;C:\Program Files\dotnet\;C:\Users\Santosh\AppData\Local\Android\Sdk\tools\bin;C:\Users\Santosh\AppData\Local\Android\Sdk\tools;C:\Users\Santosh\AppData\Local\Android\Sdk\platform-tools;E:\My Automation\Selenium_Interview_Preperation\apache-maven-3.6.1\bin;C:\Program Files\TortoiseSVN\bin;E:\My Automation\MyAllGitProjects\allure-2.10.0\bin;C:\Program Files\nodejs\;C:\Program Files\MySQL\MySQL Shell 8.0\bin\;C:\Users\Santosh\AppData\Roaming\npm;."/>
    <property name="idea.version2019.3.2" value="true"/>
    <property name="java.vm.info" value="mixed mode"/>
    <property name="java.vendor" value="Oracle Corporation"/>
    <property name="java.vm.version" value="25.191-b12"/>
    <property name="java.ext.dirs" value="C:\Program Files\Java\jdk1.8.0_191\jre\lib\ext;C:\WINDOWS\Sun\Java\lib\ext"/>
    <property name="sun.io.unicode.encoding" value="UnicodeLittle"/>
    <property name="java.class.version" value="52.0"/>
  </properties>
  <testcase name="swTestAcademyTitleTest" classname="TestCases.FirstAutomationTest" time="12.761"/>
</testsuite>